Run tests
=========
N.B.: in the end we didn't do the runtest for the build without cuDNN, so
      not sure if that really works. It did build all and test though.

- Login on a node and run there the tests:

srun --ntasks=1 --time=00:15:00 -C TitanX --pty bash -i

- When logged in load the modules again and:

module load cuda70/toolkit
module load cuda70/blas
module load hdf5_18/1.8.12
module load openblas

export LD_LIBRARY_PATH=$HOME/sw/lib:/cm/shared/apps/cuda70/toolkit/7.0.28/lib64:/cm/shared/apps/hdf5_18/1.8.12/lib:/cm/shared/apps/openblas/0.2.8/lib

make runtest

Try 1: failed
-------------

Cuda number of devices: 0
Current device id: 0
Note: Randomizing tests' orders with a seed of 20963 .
[==========] Running 1217 tests from 212 test cases.
[----------] Global test environment set-up.
[----------] 5 tests from MemoryDataLayerTest/3, where TypeParam = caffe::GPUDevice<double>
[ RUN      ] MemoryDataLayerTest/3.TestSetup
E1125 15:21:29.143326 18572 common.cpp:110] Cannot create Cublas handle. Cublas won't be available.
E1125 15:21:29.143954 18572 common.cpp:117] Cannot create Curand generator. Curand won't be available.
E1125 15:21:29.144109 18572 common.cpp:121] Cannot create cuDNN handle. cuDNN won't be available.
F1125 15:21:29.144937 18572 syncedmem.hpp:19] Check failed: error == cudaSuccess (35 vs. 0)  CUDA driver version is insufficient for CUDA runtime version
*** Check failure stack trace: ***
    @     0x2aaaaba5ea8d  google::LogMessage::Fail()
    @     0x2aaaaba6094f  google::LogMessage::SendToLog()
    @     0x2aaaaba5e623  google::LogMessage::Flush()
    @     0x2aaaaba6126e google::LogMessageFatal::~LogMessageFatal()
    @     0x2aaaaaed0fc5  caffe::SyncedMemory::mutable_cpu_data()
    @     0x2aaaaadd2ab2  caffe::Blob<>::mutable_cpu_data()
    @           0x6c1faa  caffe::GaussianFiller<>::Fill()
    @           0x84e235 caffe::MemoryDataLayerTest<>::SetUp()
    @           0xa1fa03 testing::internal::HandleExceptionsInMethodIfSupported<>()
    @           0xa16010  testing::Test::Run()
    @           0xa1611e  testing::TestInfo::Run()
    @           0xa16225  testing::TestCase::Run()
    @           0xa18f58 testing::internal::UnitTestImpl::RunAllTests()
    @           0xa191f7  testing::UnitTest::Run()
    @           0x6b76fa  main
    @     0x2aaab972eaf5  __libc_start_main
    @           0x6bca05  (unknown)
/bin/sh: line 1: 18572 Aborted /home/pbos/git/caffe_nv/cmakebuild/test/test.testbin --gtest_shuffle
make[3]: *** [src/caffe/test/CMakeFiles/runtest] Error 134
make[2]: *** [src/caffe/test/CMakeFiles/runtest.dir/all] Error 2
make[1]: *** [src/caffe/test/CMakeFiles/runtest.dir/rule] Error 2
make: *** [runtest] Error 2 


Try 2
-----

export LD_LIBRARY_PATH=$HOME/sw/lib:/cm/shared/apps/cuda70/toolkit/7.0.28/lib64:/cm/shared/apps/hdf5_18/1.8.
12/lib:/cm/shared/apps/openblas/0.2.8/lib:/cm/local/apps/cuda/libs/current/lib64


